This is pdfTeX, Version 3.141592653-2.6-1.40.22 (TeX Live 2021) (preloaded format=pdflatex 2021.6.2)  6 FEB 2023 15:06
entering extended mode
 restricted \write18 enabled.
 file:line:error style messages enabled.
 %&-line parsing enabled.
**article.tex
(./article.tex
LaTeX2e <2020-10-01> patch level 4
L3 programming layer <2021-02-18>
(/usr/local/texlive/2021/texmf-dist/tex/latex/aastex/aastex631.cls
Document Class: aastex631 2020/12/20 Version 6.3.1d/AAS markup document class
Class aastex Info: 
 
 Original \LaTeX2.09 style by Chris Biemesderfer (chris@seagoat.com). 
 Adapted to \LaTeXe by A. Ogawa (ogawa@teleport.com)
 emulateapj.cls included, Copyright 2000-2015 Alexey Vikhlinin 
 Rewrite and update of emulateapj.cls, revised and enhanced with table macros, 
gridlines, draft watermark,
 track changes, new `modern' style and much more, by Amy Hendrickson,
 (amyh@texnology.com, http://www.texnology.com) 
 
  on input line 106.
\bibbaselineskip=\skip47
(/usr/local/texlive/2021/texmf-dist/tex/latex/revtex4-1/revtex4-1.cls
Document Class: revtex4-1 2020/09/30 4.1s (http://publish.aps.org/revtex4/ for 
documentation)
 Copyright (c) 2009 The American Physical Society.
 mailto:revtex@aps.org
 Licensed under the LPPL:
http://www.ctan.org/tex-archive/macros/latex/base/lppl.txt
 Arthur Ogawa <arthur_ogawa at sbcglobal dot net>
 Based on work by David Carlisle <david at dcarlisle.demon.co.uk>.
ltxutil[2020/09/30 4.1s utilities package (portions licensed from W. E. Baxter 
web at superscript.com)]
LaTeX Info: Redefining \@centercr on input line 346.
Class revtex4-1 Info: Repairing broken LaTeX eqnarray on input line 396.
\eqncolsep=\skip48
Class revtex4-1 Info: Repairing hyperref-unfriendly LaTeX definition of \mpfoot
note on input line 471.
Class revtex4-1 Info: Repairing broken LateX \@sect on input line 793.
\intertabularlinepenalty=\count179
\@tbpen=\count180
\@arstrutbox@hline=\box47
Class revtex4-1 Info: Repairing broken LaTeX \@xbitor on input line 1824.
Class revtex4-1 Info: Making \typeout \long on input line 2089.
ltxfront[2020/09/30 4.1s frontmatter package (AO,DPC)]
\c@affil=\count181
\c@collab=\count182
\absbox=\box48
ltxgrid[2020/09/30 4.1s page grid package (portions licensed from W. E. Baxter 
web at superscript.com)]
\c@linecount=\count183
\output@latex=\toks15
\box@size@1=\box49
\box@size@2=\box50
\@protection@box=\box51
\@topmark@saved=\toks16
\footins@saved=\box52
\footins@recovered=\box53
\column@recovered=\box54
\pagesofar=\box55
\footsofar=\box56
\pagegrid@col=\count184
Class revtex4-1 Info: Overriding \@vspace, \@vspacer, \@no@pgbk, \@newline, and
 \\  on input line 5655.
\c@part=\count185
\c@section=\count186
\c@subsection=\count187
\c@subsubsection=\count188
\c@paragraph=\count189
\c@subparagraph=\count190
\abovecaptionskip=\skip49
\belowcaptionskip=\skip50
\c@figure=\count191
\fbox@1=\box57
\c@table=\count192
\fbox@2=\box58
\c@video=\count193
\fbox@4=\box59
\@bibdataout=\write3
\widetext@top=\box60
\widetext@bot=\box61
Class revtex4-1 Info: Selecting society aps on input line 7616.
(/usr/local/texlive/2021/texmf-dist/tex/latex/revtex4-1/aps4-1.rtx
File: aps4-1 2020/09/30 4.1s (http://publish.aps.org/revtex4/ for documentation
)
Class revtex4-1 Info: RevTeX society APS selected on input line 31.
)
Class revtex4-1 Info: Selecting journal pra on input line 7618.
Class revtex4-1 Info: APS journal PRA selected on input line 7619.

(/usr/local/texlive/2021/texmf-dist/tex/latex/revtex4-1/aps10pt4-1.rtx
File: aps10pt4-1 2020/09/30 4.1s (http://publish.aps.org/revtex4/ for documenta
tion)
Class revtex4-1 Info: RevTeX pointsize 10pt selected on input line 30.
)
(/usr/local/texlive/2021/texmf-dist/tex/latex/textcase/textcase.sty
Package: textcase 2019/09/14 v1.00 Text only upper/lower case changing (DPC)
)
(/usr/local/texlive/2021/texmf-dist/tex/latex/url/url.sty
\Urlmuskip=\muskip16
Package: url 2013/09/16  ver 3.4  Verb mode for urls, etc.
)
(/usr/local/texlive/2021/texmf-dist/tex/latex/natbib/natbib.sty
Package: natbib 2010/09/13 8.31b (PWD, AO)
\bibhang=\skip51
\bibsep=\skip52
LaTeX Info: Redefining \cite on input line 694.
\c@NAT@ctr=\count194
)
Class revtex4-1 Info: Repairing natbib's \BibitemShut on input line 7623.

(/usr/local/texlive/2021/texmf-dist/tex/latex/revtex4-1/revsymb4-1.sty
Package: revsymb4-1 2020/09/30 4.1s (http://publish.aps.org/revtex4/ for docume
ntation)
LaTeX Info: Redefining \REV@mathfrak on input line 119.
))
(/usr/local/texlive/2021/texmf-dist/tex/latex/base/latexsym.sty
Package: latexsym 1998/08/17 v2.2e Standard LaTeX package (lasy symbols)
\symlasy=\mathgroup4
LaTeX Font Info:    Overwriting symbol font `lasy' in version `bold'
(Font)                  U/lasy/m/n --> U/lasy/b/n on input line 52.
)
(/usr/local/texlive/2021/texmf-dist/tex/latex/graphics/graphicx.sty
Package: graphicx 2020/09/09 v1.2b Enhanced LaTeX Graphics (DPC,SPQR)

(/usr/local/texlive/2021/texmf-dist/tex/latex/graphics/keyval.sty
Package: keyval 2014/10/28 v1.15 key=value parser (DPC)
\KV@toks@=\toks17
)
(/usr/local/texlive/2021/texmf-dist/tex/latex/graphics/graphics.sty
Package: graphics 2020/08/30 v1.4c Standard LaTeX Graphics (DPC,SPQR)

(/usr/local/texlive/2021/texmf-dist/tex/latex/graphics/trig.sty
Package: trig 2016/01/03 v1.10 sin cos tan (DPC)
)
(/usr/local/texlive/2021/texmf-dist/tex/latex/graphics-cfg/graphics.cfg
File: graphics.cfg 2016/06/04 v1.11 sample graphics configuration
)
Package graphics Info: Driver file: pdftex.def on input line 105.

(/usr/local/texlive/2021/texmf-dist/tex/latex/graphics-def/pdftex.def
File: pdftex.def 2020/10/05 v1.2a Graphics/color driver for pdftex
))
\Gin@req@height=\dimen138
\Gin@req@width=\dimen139
)
(/usr/local/texlive/2021/texmf-dist/tex/latex/amsfonts/amssymb.sty
Package: amssymb 2013/01/14 v3.01 AMS font symbols

(/usr/local/texlive/2021/texmf-dist/tex/latex/amsfonts/amsfonts.sty
Package: amsfonts 2013/01/14 v3.01 Basic AMSFonts support
\@emptytoks=\toks18
\symAMSa=\mathgroup5
\symAMSb=\mathgroup6
LaTeX Font Info:    Redeclaring math symbol \hbar on input line 98.
LaTeX Font Info:    Overwriting math alphabet `\mathfrak' in version `bold'
(Font)                  U/euf/m/n --> U/euf/b/n on input line 106.
LaTeX Info: Redefining \frak on input line 111.
LaTeX Info: Redefining \Bbb on input line 113.
))
(/usr/local/texlive/2021/texmf-dist/tex/generic/epsf/epsf.sty
This is `epsf.tex' v2.7.4 <14 February 2011>
\epsffilein=\read2
\epsfframemargin=\dimen140
\epsfframethickness=\dimen141
\epsfrsize=\dimen142
\epsftmp=\dimen143
\epsftsize=\dimen144
\epsfxsize=\dimen145
\epsfysize=\dimen146
\pspoints=\dimen147
)
\rptnum=\count195
\rptloopnum=\count196
\fncount=\count197
\endfncount=\count198
\c@front@matter@foot@note=\count199
\keys@width=\skip53
\c@lastfootnote=\count266
\tempsectnum=\count267
\ackbox=\box62
\c@remember@figure@num=\count268
\c@remember@table@num=\count269
\bibskip=\skip54
\bibindent=\dimen148
\plot@width=\skip55
\c@table@save=\count270
\@abovenoteskip=\dimen149
\table@note@skip=\skip56
\deluxe@table@width=\skip57
\@d@t@a=\skip58
\c@deluxe@table@num=\count271
\LTcapwidth=\dimen150
\abovedeluxetableskip=\skip59
\belowdeluxetableskip=\skip60
\lastrowheight=\dimen151
\DT@p@ftn=\toks19
\pt@column=\count272
\pt@ncol=\count273
 (/usr/local/texlive/2021/texmf-dist/tex/latex/tools/longtable.sty
Package: longtable 2020/01/07 v4.13 Multi-page Table package (DPC)
\LTleft=\skip61
\LTright=\skip62
\LTpre=\skip63
\LTpost=\skip64
\LTchunksize=\count274
\LTcapwidth=\dimen152
\LT@head=\box63
\LT@firsthead=\box64
\LT@foot=\box65
\LT@lastfoot=\box66
\LT@cols=\count275
\LT@rows=\count276
\c@LT@tables=\count277
\c@LT@chunks=\count278
\LT@p@ftn=\toks20
)
(/usr/local/texlive/2021/texmf-dist/tex/latex/xcolor/xcolor.sty
Package: xcolor 2016/05/11 v2.12 LaTeX color extensions (UK)

(/usr/local/texlive/2021/texmf-dist/tex/latex/graphics-cfg/color.cfg
File: color.cfg 2016/01/02 v1.6 sample color configuration
)
Package xcolor Info: Driver file: pdftex.def on input line 225.
Package xcolor Info: Model `cmy' substituted by `cmy0' on input line 1348.
Package xcolor Info: Model `hsb' substituted by `rgb' on input line 1352.
Package xcolor Info: Model `RGB' extended on input line 1364.
Package xcolor Info: Model `HTML' substituted by `rgb' on input line 1366.
Package xcolor Info: Model `Hsb' substituted by `hsb' on input line 1367.
Package xcolor Info: Model `tHsb' substituted by `hsb' on input line 1368.
Package xcolor Info: Model `HSB' substituted by `hsb' on input line 1369.
Package xcolor Info: Model `Gray' substituted by `gray' on input line 1370.
Package xcolor Info: Model `wave' substituted by `hsb' on input line 1371.
)
(/usr/local/texlive/2021/texmf-dist/tex/latex/hyperref/hyperref.sty
Package: hyperref 2021-02-27 v7.00k Hypertext links for LaTeX

(/usr/local/texlive/2021/texmf-dist/tex/generic/ltxcmds/ltxcmds.sty
Package: ltxcmds 2020-05-10 v1.25 LaTeX kernel commands for general use (HO)
)
(/usr/local/texlive/2021/texmf-dist/tex/generic/iftex/iftex.sty
Package: iftex 2020/03/06 v1.0d TeX engine tests
)
(/usr/local/texlive/2021/texmf-dist/tex/generic/pdftexcmds/pdftexcmds.sty
Package: pdftexcmds 2020-06-27 v0.33 Utility functions of pdfTeX for LuaTeX (HO
)

(/usr/local/texlive/2021/texmf-dist/tex/generic/infwarerr/infwarerr.sty
Package: infwarerr 2019/12/03 v1.5 Providing info/warning/error messages (HO)
)
Package pdftexcmds Info: \pdf@primitive is available.
Package pdftexcmds Info: \pdf@ifprimitive is available.
Package pdftexcmds Info: \pdfdraftmode found.
)
(/usr/local/texlive/2021/texmf-dist/tex/generic/kvsetkeys/kvsetkeys.sty
Package: kvsetkeys 2019/12/15 v1.18 Key value parser (HO)
)
(/usr/local/texlive/2021/texmf-dist/tex/generic/kvdefinekeys/kvdefinekeys.sty
Package: kvdefinekeys 2019-12-19 v1.6 Define keys (HO)
)
(/usr/local/texlive/2021/texmf-dist/tex/generic/pdfescape/pdfescape.sty
Package: pdfescape 2019/12/09 v1.15 Implements pdfTeX's escape features (HO)
)
(/usr/local/texlive/2021/texmf-dist/tex/latex/hycolor/hycolor.sty
Package: hycolor 2020-01-27 v1.10 Color options for hyperref/bookmark (HO)
)
(/usr/local/texlive/2021/texmf-dist/tex/latex/letltxmacro/letltxmacro.sty
Package: letltxmacro 2019/12/03 v1.6 Let assignment for LaTeX macros (HO)
)
(/usr/local/texlive/2021/texmf-dist/tex/latex/auxhook/auxhook.sty
Package: auxhook 2019-12-17 v1.6 Hooks for auxiliary files (HO)
)
(/usr/local/texlive/2021/texmf-dist/tex/latex/kvoptions/kvoptions.sty
Package: kvoptions 2020-10-07 v3.14 Key value format for package options (HO)
)
\@linkdim=\dimen153
\Hy@linkcounter=\count279
\Hy@pagecounter=\count280

(/usr/local/texlive/2021/texmf-dist/tex/latex/hyperref/pd1enc.def
File: pd1enc.def 2021-02-27 v7.00k Hyperref: PDFDocEncoding definition (HO)
Now handling font encoding PD1 ...
... no UTF-8 mapping file for font encoding PD1
)
(/usr/local/texlive/2021/texmf-dist/tex/latex/hyperref/hyperref-langpatches.def
File: hyperref-langpatches.def 2021-02-27 v7.00k Hyperref: patches for babel la
nguages
) (/usr/local/texlive/2021/texmf-dist/tex/generic/intcalc/intcalc.sty
Package: intcalc 2019/12/15 v1.3 Expandable calculations with integers (HO)
)
(/usr/local/texlive/2021/texmf-dist/tex/generic/etexcmds/etexcmds.sty
Package: etexcmds 2019/12/15 v1.7 Avoid name clashes with e-TeX commands (HO)
)
\Hy@SavedSpaceFactor=\count281

(/usr/local/texlive/2021/texmf-dist/tex/latex/hyperref/puenc.def
File: puenc.def 2021-02-27 v7.00k Hyperref: PDF Unicode definition (HO)
Now handling font encoding PU ...
... no UTF-8 mapping file for font encoding PU
)
Package hyperref Info: Option `bookmarks' set `true' on input line 4073.
Package hyperref Info: Option `pdfnewwindow' set `true' on input line 4073.
Package hyperref Info: Option `colorlinks' set `true' on input line 4073.
Package hyperref Info: Option `final' set `true' on input line 4073.
Package hyperref Info: Hyper figures OFF on input line 4192.
Package hyperref Info: Link nesting OFF on input line 4197.
Package hyperref Info: Hyper index ON on input line 4200.
Package hyperref Info: Plain pages OFF on input line 4207.
Package hyperref Info: Backreferencing OFF on input line 4212.
Package hyperref Info: Implicit mode ON; LaTeX internals redefined.
Package hyperref Info: Bookmarks ON on input line 4445.
LaTeX Info: Redefining \href on input line 4715.
\c@Hy@tempcnt=\count282
LaTeX Info: Redefining \url on input line 4804.
\XeTeXLinkMargin=\dimen154

(/usr/local/texlive/2021/texmf-dist/tex/generic/bitset/bitset.sty
Package: bitset 2019/12/09 v1.3 Handle bit-vector datatype (HO)

(/usr/local/texlive/2021/texmf-dist/tex/generic/bigintcalc/bigintcalc.sty
Package: bigintcalc 2019/12/15 v1.5 Expandable calculations on big integers (HO
)
))
\Fld@menulength=\count283
\Field@Width=\dimen155
\Fld@charsize=\dimen156
Package hyperref Info: Hyper figures OFF on input line 6075.
Package hyperref Info: Link nesting OFF on input line 6080.
Package hyperref Info: Hyper index ON on input line 6083.
Package hyperref Info: backreferencing OFF on input line 6090.
Package hyperref Info: Link coloring ON on input line 6093.
Package hyperref Info: Link coloring with OCG OFF on input line 6100.
Package hyperref Info: PDF/A mode OFF on input line 6105.
LaTeX Info: Redefining \ref on input line 6145.
LaTeX Info: Redefining \pageref on input line 6149.

(/usr/local/texlive/2021/texmf-dist/tex/latex/base/atbegshi-ltx.sty
Package: atbegshi-ltx 2020/08/17 v1.0a Emulation of the original atbegshi packa
ge
with kernel methods
)
\Hy@abspage=\count284
\c@Item=\count285
\c@Hfootnote=\count286
)
Package hyperref Info: Driver (autodetected): hpdftex.

(/usr/local/texlive/2021/texmf-dist/tex/latex/hyperref/hpdftex.def
File: hpdftex.def 2021-02-27 v7.00k Hyperref driver for pdfTeX

(/usr/local/texlive/2021/texmf-dist/tex/latex/base/atveryend-ltx.sty
Package: atveryend-ltx 2020/08/19 v1.0a Emulation of the original atvery packag
e
with kernel methods
)
\Fld@listcount=\count287
\c@bookmark@seq@number=\count288

(/usr/local/texlive/2021/texmf-dist/tex/latex/rerunfilecheck/rerunfilecheck.sty
Package: rerunfilecheck 2019/12/05 v1.9 Rerun checks for auxiliary files (HO)

(/usr/local/texlive/2021/texmf-dist/tex/generic/uniquecounter/uniquecounter.sty
Package: uniquecounter 2019/12/15 v1.4 Provide unlimited unique counter (HO)
)
Package uniquecounter Info: New unique counter `rerunfilecheck' on input line 2
86.
)
\Hy@SectionHShift=\skip65
) (/usr/local/texlive/2021/texmf-dist/tex/latex/tools/array.sty
Package: array 2020/10/01 v2.5c Tabular extension package (FMi)
\col@sep=\dimen157
\ar@mcellbox=\box67
\extrarowheight=\dimen158
\NC@list=\toks21
\extratabsurround=\skip66
\backup@length=\skip67
\ar@cellbox=\box68
)
\colcount=\count289
\firstcolcount=\count290
\secondcolcount=\count291
\thirdcolcount=\count292
\columncount=\count293
\howmanyDs=\count294
\firsthowmanyDs=\count295
\secondhowmanyDs=\count296
\PartsOfTable=\count297
\columnoneandtwo=\count298
\colnumsused=\count299
\loopnum=\count300
\totalcolumncount=\count301
\totalcolumns=\count302
\firsttablebox=\box69
\secondtablebox=\box70
\thirdtablebox=\box71
\longtablebox=\box72
\splitbox=\box73
\movetabledown=\dimen159
\maxtablewidth=\dimen160
\savetabskip=\dimen161
\tempcounter=\count303
\colheadcount=\count304
\rotatetablebox=\box74
\colorcount=\count305
\editnum=\count306
\refchangenumber=\count307
\listchangenum=\count308

(/usr/local/texlive/2021/texmf-dist/tex/generic/ulem/ulem.sty
\UL@box=\box75
\UL@hyphenbox=\box76
\UL@skip=\skip68
\UL@hook=\toks22
\UL@height=\dimen162
\UL@pe=\count309
\UL@pixel=\dimen163
\ULC@box=\box77
Package: ulem 2019/11/18
\ULdepth=\dimen164
)
\entriesinthiscollab=\count310
\allentries=\count311
\AuthorCollaborationLimit=\count312
\largestAffilNum=\count313
\totalentries=\count314
\docollabnum=\count315
\tempauthornumber=\count316
\countauthors=\count317
\testnum=\count318
\tempauthorminusone=\count319
\affilnum=\count320
\c@affilcount=\count321
\numauthors=\count322
\collabnum=\count323
\collabnamebox=\box78
\widetext@top=\box79
\widetext@bot=\box80
\currwidth=\dimen165
\interactbox=\box81
\movetableright=\dimen166

(/usr/local/texlive/2021/texmf-dist/tex/latex/lineno/lineno.sty
Package: lineno 2005/11/02 line numbers on paragraphs v4.41
\linenopenalty=\count324
\output=\toks23
\linenoprevgraf=\count325
\linenumbersep=\dimen167
\linenumberwidth=\dimen168
\c@linenumber=\count326
\c@pagewiselinenumber=\count327
\c@LN@truepage=\count328
\c@internallinenumber=\count329
\c@internallinenumbers=\count330
\quotelinenumbersep=\dimen169
\bframerule=\dimen170
\bframesep=\dimen171
\bframebox=\box82
LaTeX Info: Redefining \\ on input line 3056.
))
(./showyourwork.sty
Package: showyourwork 2022/01/12 Open source science articles
)
(/usr/local/texlive/2021/texmf-dist/tex/latex/tools/xspace.sty
Package: xspace 2014/10/28 v1.13 Space after command names (DPC,MH)
)
(/usr/local/texlive/2021/texmf-dist/tex/latex/cancel/cancel.sty
Package: cancel 2013/04/12 v2.2 Cancel math terms
)
(/usr/local/texlive/2021/texmf-dist/tex/latex/amsmath/amsmath.sty
Package: amsmath 2020/09/23 v2.17i AMS math features
\@mathmargin=\skip69

For additional information on amsmath, use the `?' option.
(/usr/local/texlive/2021/texmf-dist/tex/latex/amsmath/amstext.sty
Package: amstext 2000/06/29 v2.01 AMS text

(/usr/local/texlive/2021/texmf-dist/tex/latex/amsmath/amsgen.sty
File: amsgen.sty 1999/11/30 v2.0 generic functions
\@emptytoks=\toks24
\ex@=\dimen172
)
LaTeX Info: Redefining \text on input line 28.
)
(/usr/local/texlive/2021/texmf-dist/tex/latex/amsmath/amsbsy.sty
Package: amsbsy 1999/11/29 v1.2d Bold Symbols
\pmbraise@=\dimen173
)
(/usr/local/texlive/2021/texmf-dist/tex/latex/amsmath/amsopn.sty
Package: amsopn 2016/03/08 v2.02 operator names
)
\inf@bad=\count331
LaTeX Info: Redefining \frac on input line 234.
\uproot@=\count332
\leftroot@=\count333
LaTeX Info: Redefining \overline on input line 399.
\classnum@=\count334
\DOTSCASE@=\count335
LaTeX Info: Redefining \ldots on input line 496.
LaTeX Info: Redefining \dots on input line 499.
LaTeX Info: Redefining \cdots on input line 620.
\Mathstrutbox@=\box83
\strutbox@=\box84
\big@size=\dimen174
LaTeX Font Info:    Redeclaring font encoding OML on input line 743.
LaTeX Font Info:    Redeclaring font encoding OMS on input line 744.
\macc@depth=\count336
\c@MaxMatrixCols=\count337
\dotsspace@=\muskip17
\c@parentequation=\count338
\dspbrk@lvl=\count339
\tag@help=\toks25
\row@=\count340
\column@=\count341
\maxfields@=\count342
\andhelp@=\toks26
\eqnshift@=\dimen175
\alignsep@=\dimen176
\tagshift@=\dimen177
\tagwidth@=\dimen178
\totwidth@=\dimen179
\lineht@=\dimen180
\@envbody=\toks27
\multlinegap=\skip70
\multlinetaggap=\skip71
\mathdisplay@stack=\toks28
LaTeX Info: Redefining \[ on input line 2923.
LaTeX Info: Redefining \] on input line 2924.
)
Class revtex4-1 Info: Unrecognized array package. Please update this document c
lass! (Proceeding with fingers crossed.) on input line 68.
Class revtex4-1 Info: Patching unrecognized longtable package. (Proceeding with
 fingers crossed) on input line 68.
Class revtex4-1 Info: cite was not loaded (OK!) on input line 68.
Class revtex4-1 Info: mcite was not loaded (OK!) on input line 68.
Class revtex4-1 Info: multicol was not loaded (OK!) on input line 68.

(/usr/local/texlive/2021/texmf-dist/tex/latex/l3backend/l3backend-pdftex.def
File: l3backend-pdftex.def 2021-03-18 L3 backend support: PDF output (pdfTeX)
\l__color_backend_stack_int=\count343
\l__pdf_internal_box=\box85
)
(./article.aux)
\openout1 = `article.aux'.

LaTeX Font Info:    Checking defaults for OML/cmm/m/it on input line 68.
LaTeX Font Info:    ... okay on input line 68.
LaTeX Font Info:    Checking defaults for OMS/cmsy/m/n on input line 68.
LaTeX Font Info:    ... okay on input line 68.
LaTeX Font Info:    Checking defaults for OT1/cmr/m/n on input line 68.
LaTeX Font Info:    ... okay on input line 68.
LaTeX Font Info:    Checking defaults for T1/cmr/m/n on input line 68.
LaTeX Font Info:    ... okay on input line 68.
LaTeX Font Info:    Checking defaults for TS1/cmr/m/n on input line 68.
LaTeX Font Info:    ... okay on input line 68.
LaTeX Font Info:    Checking defaults for OMX/cmex/m/n on input line 68.
LaTeX Font Info:    ... okay on input line 68.
LaTeX Font Info:    Checking defaults for U/cmr/m/n on input line 68.
LaTeX Font Info:    ... okay on input line 68.
LaTeX Font Info:    Checking defaults for PD1/pdf/m/n on input line 68.
LaTeX Font Info:    ... okay on input line 68.
LaTeX Font Info:    Checking defaults for PU/pdf/m/n on input line 68.
LaTeX Font Info:    ... okay on input line 68.

(/usr/local/texlive/2021/texmf-dist/tex/context/base/mkii/supp-pdf.mkii
[Loading MPS to PDF converter (version 2006.09.02).]
\scratchcounter=\count344
\scratchdimen=\dimen181
\scratchbox=\box86
\nofMPsegments=\count345
\nofMParguments=\count346
\everyMPshowfont=\toks29
\MPscratchCnt=\count347
\MPscratchDim=\dimen182
\MPnumerator=\count348
\makeMPintoPDFobject=\count349
\everyMPtoPDFconversion=\toks30
) (/usr/local/texlive/2021/texmf-dist/tex/latex/epstopdf-pkg/epstopdf-base.sty
Package: epstopdf-base 2020-01-24 v2.11 Base part for package epstopdf

(/usr/local/texlive/2021/texmf-dist/tex/latex/grfext/grfext.sty
Package: grfext 2019/12/03 v1.3 Manage graphics extensions (HO)
)
Package epstopdf-base Info: Redefining graphics rule for `.eps' on input line 4
85.
Package grfext Info: Graphics extension search list:
(grfext)             [.pdf,.png,.jpg,.mps,.jpeg,.jbig2,.jb2,.PDF,.PNG,.JPG,.JPE
G,.JBIG2,.JB2,.eps]
(grfext)             \AppendGraphicsExtensions on input line 504.

(/usr/local/texlive/2021/texmf-dist/tex/latex/latexconfig/epstopdf-sys.cfg
File: epstopdf-sys.cfg 2010/07/13 v1.3 Configuration of (r)epstopdf for TeX Liv
e
))
Package hyperref Info: Link coloring ON on input line 68.

(/usr/local/texlive/2021/texmf-dist/tex/latex/hyperref/nameref.sty
Package: nameref 2021-04-02 v2.47 Cross-referencing by name of section

(/usr/local/texlive/2021/texmf-dist/tex/latex/refcount/refcount.sty
Package: refcount 2019/12/15 v3.6 Data extraction from label references (HO)
)
(/usr/local/texlive/2021/texmf-dist/tex/generic/gettitlestring/gettitlestring.s
ty
Package: gettitlestring 2019/12/15 v1.6 Cleanup title references (HO)
)
\c@section@level=\count350
)
LaTeX Info: Redefining \ref on input line 68.
LaTeX Info: Redefining \pageref on input line 68.
LaTeX Info: Redefining \nameref on input line 68.
 (./article.out) (./article.out)
\@outlinefile=\write4
\openout4 = `article.out'.

Class revtex4-1 Info: Overriding lineo.sty, restoring output routine, on input 
line 68.
Class revtex4-1 Info: Reinvoke \linenumbers on input line 68.
Class revtex4-1 Info: Overriding \@LN@LLerror on input line 68.
LaTeX Font Info:    Trying to load font information for U+lasy on input line 75
.

(/usr/local/texlive/2021/texmf-dist/tex/latex/base/ulasy.fd
File: ulasy.fd 1998/08/17 v2.2e LaTeX symbol font definitions
)
LaTeX Font Info:    Trying to load font information for U+msa on input line 75.


(/usr/local/texlive/2021/texmf-dist/tex/latex/amsfonts/umsa.fd
File: umsa.fd 2013/01/14 v3.01 AMS symbols A
)
LaTeX Font Info:    Trying to load font information for U+msb on input line 75.


(/usr/local/texlive/2021/texmf-dist/tex/latex/amsfonts/umsb.fd
File: umsb.fd 2013/01/14 v3.01 AMS symbols B
)

Package natbib Warning: Citation `Langer+2007' on page 1 undefined on input lin
e 118.


Package natbib Warning: Citation `Fruchter+2006' on page 1 undefined on input l
ine 118.


Package natbib Warning: Citation `LIGO2016_implications' on page 1 undefined on
 input line 118.


Package natbib Warning: Citation `GWTC1' on page 1 undefined on input line 119.



Package natbib Warning: Citation `GWTC2' on page 1 undefined on input line 119.



Package natbib Warning: Citation `GWTC3' on page 1 undefined on input line 119.



Package natbib Warning: Citation `Santoliquido+2021' on page 1 undefined on inp
ut line 119.


Package natbib Warning: Citation `Broekgaarden+2021b' on page 1 undefined on in
put line 119.


Package natbib Warning: Citation `chruslinska2022_review' on page 1 undefined o
n input line 119.


Package natbib Warning: Citation `Chruslinska2019_obs' on page 1 undefined on i
nput line 122.


Package natbib Warning: Citation `Boco+2021' on page 1 undefined on input line 
122.


Package natbib Warning: Citation `Chruslinska+2021' on page 1 undefined on inpu
t line 122.


Package natbib Warning: Citation `Dominik+2013' on page 1 undefined on input li
ne 125.


Package natbib Warning: Citation `KewleyEllison2008' on page 1 undefined on inp
ut line 125.


Package natbib Warning: Citation `MaiolinoMannucci2019' on page 1 undefined on 
input line 125.


Package natbib Warning: Citation `Cresci+2019' on page 1 undefined on input lin
e 125.


Package natbib Warning: Citation `Chruslinska+2021' on page 1 undefined on inpu
t line 125.


Package natbib Warning: Citation `Mapelli2017' on page 1 undefined on input lin
e 127.


Package natbib Warning: Citation `Briel+2022_rates' on page 1 undefined on inpu
t line 127.


Package natbib Warning: Citation `Pakmor+2022' on page 1 undefined on input lin
e 127.


Underfull \hbox (badness 4832) in paragraph at lines 127--128
[]\OT1/cmr/m/n/10 One can also di-rectly ex-tract the metallicity-
 []

[1{/usr/local/texlive/2021/texmf-var/fonts/map/pdftex/updmap/pdftex.map}]

Package natbib Warning: Citation `MadauDickinson2014' on page 2 undefined on in
put line 129.


Package natbib Warning: Citation `Madau+2017' on page 2 undefined on input line
 129.


Package natbib Warning: Citation `LangerNorman2006' on page 2 undefined on inpu
t line 129.


Package natbib Warning: Citation `Neijssel+2019' on page 2 undefined on input l
ine 129.


Package natbib Warning: Citation `Sanders+2022' on page 2 undefined on input li
ne 139.


Underfull \hbox (badness 10000) in paragraph at lines 141--141
[][][]$\OT1/cmr/m/n/8 https : / / github . com / TeamCOMPAS / COMPAS / tree / d
ev / utils /
 []


Overfull \hbox (10.88353pt too wide) in paragraph at lines 141--141
[][]| [] [][][]| 
 []


Package natbib Warning: Citation `Kroupa2001' on page 2 undefined on input line
 148.


Package natbib Warning: Citation `Planck18_VI' on page 2 undefined on input lin
e 149.


Package natbib Warning: Citation `LangerNorman2006' on page 2 undefined on inpu
t line 156.


Package natbib Warning: Citation `chruslinska2022_review' on page 2 undefined o
n input line 156.


Underfull \hbox (badness 1163) in paragraph at lines 163--165
\OT1/cmr/m/n/10 The first term is the star for-ma-tion rate den-sity,
 []


Package natbib Warning: Citation `Neijssel+2019' on page 2 undefined on input l
ine 168.


Package natbib Warning: Citation `Ohagan+1976' on page 2 undefined on input lin
e 168.

[2]

Package natbib Warning: Citation `WANG201995' on page 3 undefined on input line
 230.


Package natbib Warning: Citation `LangerNorman2006' on page 3 undefined on inpu
t line 232.


Package natbib Warning: Citation `Neijssel+2019' on page 3 undefined on input l
ine 232.


Overfull \hbox (17.33469pt too wide) detected at line 275
[] \OML/cmm/m/it/10 ;
 []


Package natbib Warning: Citation `MadauDickinson2014' on page 3 undefined on in
put line 280.


Underfull \hbox (badness 10000) in paragraph at lines 288--290

 []


Underfull \hbox (badness 10000) in paragraph at lines 306--306
\OT1/cmr/bx/n/8 here: [][]$https : / / github . com / LiekeVanSon / SFRD[]^^Lt 
/
 []


Underfull \hbox (badness 10000) in paragraph at lines 306--306
\OT1/cmr/bx/n/8 blob / main / src / scripts / Notebooks / Fit[]model[]to[]sfrdz
Z .
 []


Overfull \hbox (10.88353pt too wide) in paragraph at lines 306--306
[][]| [] [][][]| 
 []


Package natbib Warning: Citation `FirstResTNG_Springel2018' on page 3 undefined
 on input line 308.


Package natbib Warning: Citation `FirstResTNG_Marinacci2018' on page 3 undefine
d on input line 308.


Package natbib Warning: Citation `FirstResTNG_Nelson2018' on page 3 undefined o
n input line 308.


Package natbib Warning: Citation `FirstResTNG_Pillepich2018' on page 3 undefine
d on input line 308.


Package natbib Warning: Citation `FirstResTNG_Naiman2018' on page 3 undefined o
n input line 308.


Package natbib Warning: Citation `Nelson2019a' on page 3 undefined on input lin
e 308.


Package natbib Warning: Citation `Pillepich2019' on page 3 undefined on input l
ine 308.

[3]

Package natbib Warning: Citation `Nelson2019b' on page 4 undefined on input lin
e 311.


Overfull \hbox (10.88353pt too wide) in paragraph at lines 311--311
[][]| [] [][][]| 
 []


Package natbib Warning: Citation `Pakmor+2022' on page 4 undefined on input lin
e 314.


Package natbib Warning: Citation `Schmidt1959' on page 4 undefined on input lin
e 314.


Package natbib Warning: Citation `Kennicutt1989' on page 4 undefined on input l
ine 314.


Package natbib Warning: Citation `SpringelHernquist2003' on page 4 undefined on
 input line 314.


Package natbib Warning: Citation `Pillepich2018' on page 4 undefined on input l
ine 314.


Package natbib Warning: Citation `Torrey+2019' on page 4 undefined on input lin
e 316.


Package natbib Warning: Citation `FirstResTNG_Naiman2018' on page 4 undefined o
n input line 316.


Package natbib Warning: Citation `Hemler+2021' on page 4 undefined on input lin
e 316.


Package natbib Warning: Citation `Nelson2021' on page 4 undefined on input line
 316.


Package natbib Warning: Citation `Briel+2022_rates' on page 4 undefined on inpu
t line 317.


Package natbib Warning: Citation `Bavera+2022' on page 4 undefined on input lin
e 317.


Package natbib Warning: Citation `vanson+2022' on page 4 undefined on input lin
e 317.


Package natbib Warning: Citation `Briel+2022_rates' on page 4 undefined on inpu
t line 318.


Package natbib Warning: Citation `Springel2005' on page 4 undefined on input li
ne 324.


Package natbib Warning: Citation `Weinberger2017' on page 4 undefined on input 
line 324.


Package natbib Warning: Citation `Dray+2003' on page 4 undefined on input line 
324.


Package natbib Warning: Citation `Smith2014' on page 4 undefined on input line 
324.


Package natbib Warning: Citation `Gotberg+2020' on page 4 undefined on input li
ne 324.


Package natbib Warning: Citation `DoughtyFinlator2021' on page 4 undefined on i
nput line 324.


Package natbib Warning: Citation `Farmer2021_carbonfootprint' on page 4 undefin
ed on input line 324.


Package natbib Warning: Citation `Goswami+2022' on page 4 undefined on input li
ne 324.

[4]

Package natbib Warning: Citation `NocedalWright_numerical_optimization' on page
 5 undefined on input line 362.


Underfull \hbox (badness 10000) in paragraph at lines 362--364
[]\OT1/cmr/m/n/10 To min-i-mize this cost funci-ton, we use
 []


Underfull \hbox (badness 1831) in paragraph at lines 362--364
\OT1/cmr/m/n/10 im-ple-ments the quasi-Newton method of Broy-den,
 []

<figures/SFRD_FIT_evaluation_compare.pdf, id=159, 1053.12146pt x 949.17422pt>
File: figures/SFRD_FIT_evaluation_compare.pdf Graphic file (type pdf)
<use figures/SFRD_FIT_evaluation_compare.pdf>
Package pdftex.def Info: figures/SFRD_FIT_evaluation_compare.pdf  used on input
 line 373.
(pdftex.def)             Requested size: 461.80255pt x 416.2186pt.

Package natbib Warning: Citation `Neijssel+2019' on page 5 undefined on input l
ine 377.


Package natbib Warning: Citation `Neijssel+2019' on page 5 undefined on input l
ine 377.


Package natbib Warning: Citation `Pakmor+2022' on page 5 undefined on input lin
e 402.


Package natbib Warning: Citation `Neijssel+2019' on page 5 undefined on input l
ine 406.


Package natbib Warning: Citation `Neijssel+2019' on page 5 undefined on input l
ine 406.


Overfull \hbox (10.88353pt too wide) in paragraph at lines 406--406
[][]| [] [][][]| 
 []


Package natbib Warning: Citation `MadauDickinson2014' on page 5 undefined on in
put line 408.


Package natbib Warning: Citation `Chruslinska+2021' on page 5 undefined on inpu
t line 408.


Package natbib Warning: Citation `Chruslinska2019_obs' on page 5 undefined on i
nput line 409.


Package natbib Warning: Citation `vanson2022_lowMbh' on page 5 undefined on inp
ut line 423.


Overfull \hbox (10.88353pt too wide) in paragraph at lines 423--423
[][]| [] [][][]| 
 []


Package natbib Warning: Citation `COMPAS_method' on page 5 undefined on input l
ine 424.


Overfull \hbox (10.88353pt too wide) in paragraph at lines 424--424
[][]| [] [][][]| 
 []


Package natbib Warning: Citation `Hurley+2000' on page 5 undefined on input lin
e 424.


Package natbib Warning: Citation `Hurley+2002' on page 5 undefined on input lin
e 424.


Package natbib Warning: Citation `Pols+1998' on page 5 undefined on input line 
424.


Package natbib Warning: Citation `vanson2022_lowMbh' on page 5 undefined on inp
ut line 424.


Package natbib Warning: Citation `vanson2022_lowMbh' on page 5 undefined on inp
ut line 424.


Package natbib Warning: Citation `vanson2022_lowMbh' on page 5 undefined on inp
ut line 424.


Overfull \hbox (10.88353pt too wide) in paragraph at lines 424--424
[][]| [] [][][]| 
 []


Package natbib Warning: Citation `Dominik2015' on page 5 undefined on input lin
e 426.


Package natbib Warning: Citation `Kummer_thesis' on page 5 undefined on input l
ine 426.


Package natbib Warning: Citation `Neijssel+2019' on page 5 undefined on input l
ine 429.


Package natbib Warning: Citation `vanson+2022' on page 5 undefined on input lin
e 429.

[5]

Package natbib Warning: Citation `Chruslinska+2021' on page 6 undefined on inpu
t line 434.


Package natbib Warning: Citation `Chruslinska+2021' on page 6 undefined on inpu
t line 460.


Package natbib Warning: Citation `Chruslinska+2021' on page 6 undefined on inpu
t line 462.


Overfull \hbox (10.88353pt too wide) in paragraph at lines 462--462
[][]| [] [][][]| 
 []

LaTeX Font Info:    Font shape `OT1/cmtt/bx/n' in size <10> not available
(Font)              Font shape `OT1/cmtt/m/n' tried instead on input line 464.

Package natbib Warning: Citation `PettiniPagel2004' on page 6 undefined on inpu
t line 474.


Package natbib Warning: Citation `Bisigello+2018' on page 6 undefined on input 
line 474.


Package natbib Warning: Citation `Caputi+2017' on page 6 undefined on input lin
e 474.


Package natbib Warning: Citation `KobulnickyKewley2004' on page 6 undefined on 
input line 480.


Package natbib Warning: Citation `Boco+2021' on page 6 undefined on input line 
480.

[6 <./figures/SFRD_FIT_evaluation_compare.pdf>]

Package natbib Warning: Citation `Chruslinska+2021' on page 7 undefined on inpu
t line 488.


Package natbib Warning: Citation `Madau+2017' on page 7 undefined on input line
 488.


Package natbib Warning: Citation `Bisigello+2018' on page 7 undefined on input 
line 490.


Package natbib Warning: Citation `Caputi+2017' on page 7 undefined on input lin
e 490.


Package natbib Warning: Citation `Chruslinska+2021' on page 7 undefined on inpu
t line 491.


Package natbib Warning: Citation `Chruslinska+2021' on page 7 undefined on inpu
t line 493.


Underfull \hbox (badness 10000) in paragraph at lines 487--495

 []

[7]
<figures/SFR_redshift.pdf, id=240, 660.81647pt x 569.97519pt>
File: figures/SFR_redshift.pdf Graphic file (type pdf)
<use figures/SFR_redshift.pdf>
Package pdftex.def Info: figures/SFR_redshift.pdf  used on input line 500.
(pdftex.def)             Requested size: 241.16582pt x 208.00877pt.
<figures/SFR_tlookback.pdf, id=241, 660.81647pt x 571.61485pt>
File: figures/SFR_tlookback.pdf Graphic file (type pdf)
<use figures/SFR_tlookback.pdf>
Package pdftex.def Info: figures/SFR_tlookback.pdf  used on input line 501.
(pdftex.def)             Requested size: 241.16582pt x 208.60715pt.


Package natbib Warning: Citation `Madau+2017' on page 8 undefined on input line
 502.


Package natbib Warning: Citation `Chruslinska+2021' on page 8 undefined on inpu
t line 502.


Package natbib Warning: Citation `Madau+2017' on page 8 undefined on input line
 502.


Package natbib Warning: Citation `Chruslinska+2021' on page 8 undefined on inpu
t line 502.

<figures/Mass_distributions_stable_SFRD_variations.pdf, id=246, 1477.11847pt x 
1634.74925pt>
File: figures/Mass_distributions_stable_SFRD_variations.pdf Graphic file (type 
pdf)
<use figures/Mass_distributions_stable_SFRD_variations.pdf>
Package pdftex.def Info: figures/Mass_distributions_stable_SFRD_variations.pdf 
 used on input line 512.
(pdftex.def)             Requested size: 410.4955pt x 454.28438pt.

Package natbib Warning: Citation `GWTC3_popPaper2021' on page 8 undefined on in
put line 515.


Package natbib Warning: Citation `GWTC3_popPaper2021' on page 8 undefined on in
put line 515.

<figures/Mass_distributions_CE_SFRD_variations.pdf, id=253, 1477.11847pt x 1634
.74925pt>
File: figures/Mass_distributions_CE_SFRD_variations.pdf Graphic file (type pdf)

<use figures/Mass_distributions_CE_SFRD_variations.pdf>
Package pdftex.def Info: figures/Mass_distributions_CE_SFRD_variations.pdf  use
d on input line 521.
(pdftex.def)             Requested size: 410.4955pt x 454.28438pt.

Package natbib Warning: Citation `vanson+2022' on page 8 undefined on input lin
e 531.


Package natbib Warning: Citation `van-den-Heuvel+2017' on page 8 undefined on i
nput line 531.


Package natbib Warning: Citation `Inayoshi2017' on page 8 undefined on input li
ne 531.


Package natbib Warning: Citation `Bavera2021' on page 8 undefined on input line
 531.


Package natbib Warning: Citation `Marchant2021' on page 8 undefined on input li
ne 531.


Package natbib Warning: Citation `GallegosGarcia2021' on page 8 undefined on in
put line 531.


Package natbib Warning: Citation `vanson+2022' on page 8 undefined on input lin
e 531.


Package natbib Warning: Citation `Belczynski+2007' on page 8 undefined on input
 line 531.


Package natbib Warning: Citation `PostnovYungelson2014' on page 8 undefined on 
input line 531.


Package natbib Warning: Citation `Belczynski+2016Natur' on page 8 undefined on 
input line 531.


Package natbib Warning: Citation `vignaGomez+2018' on page 8 undefined on input
 line 531.


Underfull \hbox (badness 10000) in paragraph at lines 531--533

 []


Package natbib Warning: Citation `chruslinska2022_review' on page 8 undefined o
n input line 547.


Package natbib Warning: Citation `Broekgaarden+2021b' on page 8 undefined on in
put line 549.


Underfull \hbox (badness 10000) in paragraph at lines 545--552

 []


Package natbib Warning: Citation `vanson+2022' on page 8 undefined on input lin
e 561.


Package natbib Warning: Citation `MariaEzquiaga2022' on page 8 undefined on inp
ut line 565.


Package natbib Warning: Citation `GWTC3_popPaper2021' on page 8 undefined on in
put line 569.


Package natbib Warning: Citation `BelczynskiVink2010' on page 8 undefined on in
put line 571.


Package natbib Warning: Citation `Stevenson+2017' on page 8 undefined on input 
line 571.


Package natbib Warning: Citation `Mapelli2017' on page 8 undefined on input lin
e 571.


Package natbib Warning: Citation `Chruslinska2019_effectCO' on page 8 undefined
 on input line 571.


Package natbib Warning: Citation `Broekgaarden+2021b' on page 8 undefined on in
put line 571.

[8]

Package natbib Warning: Citation `chruslinska2022_review' on page 9 undefined o
n input line 576.


Package natbib Warning: Citation `Tang+2020' on page 9 undefined on input line 
576.


Package natbib Warning: Citation `Madau+2017' on page 9 undefined on input line
 577.


Package natbib Warning: Citation `Madau+2017' on page 9 undefined on input line
 578.


Underfull \hbox (badness 1675) in paragraph at lines 576--579
[]\OT1/cmr/m/n/10 Changing the over-all star-formation rate den-sity
 []


Package natbib Warning: Citation `vanson+2022' on page 9 undefined on input lin
e 583.


Package natbib Warning: Citation `Briel+2022' on page 9 undefined on input line
 583.

[9 <./figures/SFR_redshift.pdf> <./figures/SFR_tlookback.pdf

pdfTeX warning: /Library/TeX/texbin/pdflatex (file ./figures/SFR_tlookback.pdf)
: PDF inclusion: multiple pdfs with page group included in a single page
>] [10 <./figures/Mass_distributions_stable_SFRD_variations.pdf>] [11 <./figure
s/Mass_distributions_CE_SFRD_variations.pdf>]
Underfull \hbox (badness 1275) in paragraph at lines 622--628
\OT1/cmr/m/n/10 the Na-tional Sci-ence Foun-da-tion un-der Grant No.
 []


Package natbib Warning: Citation `Chruslinska+2021' on page 12 undefined on inp
ut line 638.


Underfull \hbox (badness 3049) in paragraph at lines 635--639
\OT1/cmr/m/n/10 els of the $\OMS/cmsy/m/n/10 S\OT1/cmr/m/n/10 (\OML/cmm/m/it/10
 Z; z\OT1/cmr/m/n/10 )$ from \OT1/cmr/bx/n/10 ? \OT1/cmr/m/n/10 can be found on
-
 []


Package natbib Warning: Citation `PythonReferenceManual' on page 12 undefined o
n input line 643.


Package natbib Warning: Citation `astropy:2013' on page 12 undefined on input l
ine 643.


Package natbib Warning: Citation `astropy:2018' on page 12 undefined on input l
ine 643.


Package natbib Warning: Citation `2007CSE.....9...90H' on page 12 undefined on 
input line 643.


Package natbib Warning: Citation `2020NumPy-Array' on page 12 undefined on inpu
t line 643.


Package natbib Warning: Citation `2020SciPy-NMeth' on page 12 undefined on inpu
t line 643.


Package natbib Warning: Citation `2007CSE.....9c..21P' on page 12 undefined on 
input line 643.


Package natbib Warning: Citation `Kluyver2016jupyter' on page 12 undefined on i
nput line 643.


Package natbib Warning: Citation `waskom2020seaborn' on page 12 undefined on in
put line 643.


Package natbib Warning: Citation `collette_python_hdf5_2019' on page 12 undefin
ed on input line 643.

<figures/log_squared_res.pdf, id=586, 692.33778pt x 413.22444pt>
File: figures/log_squared_res.pdf Graphic file (type pdf)
<use figures/log_squared_res.pdf>
Package pdftex.def Info: figures/log_squared_res.pdf  used on input line 657.
(pdftex.def)             Requested size: 384.83807pt x 229.69537pt.

LaTeX Warning: `h' float specifier changed to `ht'.

[12]

Package natbib Warning: Citation `Pakmor+2022' on page 13 undefined on input li
ne 670.


Package natbib Warning: Citation `Chruslinska2019_obs' on page 13 undefined on 
input line 670.

<figures/High_Low_metalFractionSFMass.pdf, id=607, 867.24pt x 1300.86pt>
File: figures/High_Low_metalFractionSFMass.pdf Graphic file (type pdf)
<use figures/High_Low_metalFractionSFMass.pdf>
Package pdftex.def Info: figures/High_Low_metalFractionSFMass.pdf  used on inpu
t line 675.
(pdftex.def)             Requested size: 384.83807pt x 577.26315pt.

Package natbib Warning: Citation `Chruslinska2019_obs' on page 13 undefined on 
input line 678.


Package natbib Warning: Citation `Chruslinska+2021' on page 13 undefined on inp
ut line 678.


Package natbib Warning: Citation `Pakmor+2022' on page 13 undefined on input li
ne 678.


Package natbib Warning: Citation `Vogelsberger+2014' on page 13 undefined on in
put line 678.


Package natbib Warning: Citation `Dave+2019' on page 13 undefined on input line
 678.


Package natbib Warning: Citation `Schaye+2015' on page 13 undefined on input li
ne 678.


Package natbib Warning: Citation `FirstResTNG_Springel2018' on page 13 undefine
d on input line 678.


Package natbib Warning: Citation `Chruslinska2019_obs' on page 13 undefined on 
input line 678.


Package natbib Warning: Citation `Chruslinska+2021' on page 13 undefined on inp
ut line 678.


Package natbib Warning: Citation `Pakmor+2022' on page 13 undefined on input li
ne 678.


Package natbib Warning: Citation `Vogelsberger+2014' on page 13 undefined on in
put line 678.


Package natbib Warning: Citation `Dave+2019' on page 13 undefined on input line
 678.


Package natbib Warning: Citation `Schaye+2015' on page 13 undefined on input li
ne 678.


Package natbib Warning: Citation `FirstResTNG_Springel2018' on page 13 undefine
d on input line 678.


LaTeX Warning: Float too large for page by 27.94426pt on input line 679.

No file article.bbl.
[13 <./figures/log_squared_res.pdf>] [14 <./figures/High_Low_metalFractionSFMas
s.pdf>]

Package natbib Warning: There were undefined citations.

(./article.aux)

LaTeX Warning: Label(s) may have changed. Rerun to get cross-references right.

Package rerunfilecheck Info: File `article.out' has not changed.
(rerunfilecheck)             Checksum: 903F95D80AFA0392AA26F1EACBDE96BE;4314.
 ) 
Here is how much of TeX's memory you used:
 12868 strings out of 478994
 180699 string characters out of 5858185
 571696 words of memory out of 5000000
 30084 multiletter control sequences out of 15000+600000
 415775 words of font info for 76 fonts, out of 8000000 for 9000
 1141 hyphenation exceptions out of 8191
 86i,16n,88p,1233b,459s stack positions out of 5000i,500n,10000p,200000b,80000s
{/usr/local/texlive/2021/texmf-dist/fonts/enc/dvips/cm-super/cm-super-ts1.enc
}</usr/local/texlive/2021/texmf-dist/fonts/type1/public/amsfonts/cm/cmbx10.pfb>
</usr/local/texlive/2021/texmf-dist/fonts/type1/public/amsfonts/cm/cmbx8.pfb></
usr/local/texlive/2021/texmf-dist/fonts/type1/public/amsfonts/cm/cmbx9.pfb></us
r/local/texlive/2021/texmf-dist/fonts/type1/public/amsfonts/cm/cmcsc10.pfb></us
r/local/texlive/2021/texmf-dist/fonts/type1/public/amsfonts/cm/cmex10.pfb></usr
/local/texlive/2021/texmf-dist/fonts/type1/public/amsfonts/cm/cmmi10.pfb></usr/
local/texlive/2021/texmf-dist/fonts/type1/public/amsfonts/cm/cmmi12.pfb></usr/l
ocal/texlive/2021/texmf-dist/fonts/type1/public/amsfonts/cm/cmmi5.pfb></usr/loc
al/texlive/2021/texmf-dist/fonts/type1/public/amsfonts/cm/cmmi6.pfb></usr/local
/texlive/2021/texmf-dist/fonts/type1/public/amsfonts/cm/cmmi7.pfb></usr/local/t
exlive/2021/texmf-dist/fonts/type1/public/amsfonts/cm/cmmi8.pfb></usr/local/tex
live/2021/texmf-dist/fonts/type1/public/amsfonts/cm/cmmi9.pfb></usr/local/texli
ve/2021/texmf-dist/fonts/type1/public/amsfonts/cm/cmr10.pfb></usr/local/texlive
/2021/texmf-dist/fonts/type1/public/amsfonts/cm/cmr12.pfb></usr/local/texlive/2
021/texmf-dist/fonts/type1/public/amsfonts/cm/cmr17.pfb></usr/local/texlive/202
1/texmf-dist/fonts/type1/public/amsfonts/cm/cmr6.pfb></usr/local/texlive/2021/t
exmf-dist/fonts/type1/public/amsfonts/cm/cmr7.pfb></usr/local/texlive/2021/texm
f-dist/fonts/type1/public/amsfonts/cm/cmr8.pfb></usr/local/texlive/2021/texmf-d
ist/fonts/type1/public/amsfonts/cm/cmr9.pfb></usr/local/texlive/2021/texmf-dist
/fonts/type1/public/amsfonts/cm/cmss8.pfb></usr/local/texlive/2021/texmf-dist/f
onts/type1/public/amsfonts/cm/cmsy10.pfb></usr/local/texlive/2021/texmf-dist/fo
nts/type1/public/amsfonts/cm/cmsy6.pfb></usr/local/texlive/2021/texmf-dist/font
s/type1/public/amsfonts/cm/cmsy7.pfb></usr/local/texlive/2021/texmf-dist/fonts/
type1/public/amsfonts/cm/cmsy8.pfb></usr/local/texlive/2021/texmf-dist/fonts/ty
pe1/public/amsfonts/cm/cmsy9.pfb></usr/local/texlive/2021/texmf-dist/fonts/type
1/public/amsfonts/cm/cmti10.pfb></usr/local/texlive/2021/texmf-dist/fonts/type1
/public/amsfonts/cm/cmti8.pfb></usr/local/texlive/2021/texmf-dist/fonts/type1/p
ublic/amsfonts/cm/cmti9.pfb></usr/local/texlive/2021/texmf-dist/fonts/type1/pub
lic/amsfonts/cm/cmtt10.pfb></usr/local/texlive/2021/texmf-dist/fonts/type1/publ
ic/amsfonts/cm/cmtt9.pfb></usr/local/texlive/2021/texmf-dist/fonts/type1/public
/amsfonts/symbols/msam10.pfb></usr/local/texlive/2021/texmf-dist/fonts/type1/pu
blic/cm-super/sfrm1000.pfb>
Output written on article.pdf (14 pages, 1177728 bytes).
PDF statistics:
 793 PDF objects out of 1000 (max. 8388607)
 473 compressed objects within 5 object streams
 68 named destinations out of 1000 (max. 500000)
 156 words of extra memory for PDF output out of 10000 (max. 10000000)

